<?xml version="1.0" encoding="UTF-8"?>
<testsuite xmlns:xsi="http://www.w3.org/2001/XMLSchema-instance" xsi:noNamespaceSchemaLocation="https://maven.apache.org/surefire/maven-surefire-plugin/xsd/surefire-test-report.xsd" name="TestSuite" time="5.701" tests="9" errors="0" skipped="0" failures="0">
  <properties>
    <property name="java.specification.version" value="18"/>
    <property name="sun.jnu.encoding" value="UTF-8"/>
    <property name="java.class.path" value="/Users/navyagadagoju/Dropbox/Selenium/RestAssured_MavenTestNG/target/test-classes:/Users/navyagadagoju/Dropbox/Selenium/RestAssured_MavenTestNG/target/classes:/Users/navyagadagoju/.m2/repository/org/testng/testng/7.6.1/testng-7.6.1.jar:/Users/navyagadagoju/.m2/repository/com/google/code/findbugs/jsr305/3.0.2/jsr305-3.0.2.jar:/Users/navyagadagoju/.m2/repository/org/slf4j/slf4j-api/1.7.36/slf4j-api-1.7.36.jar:/Users/navyagadagoju/.m2/repository/com/beust/jcommander/1.82/jcommander-1.82.jar:/Users/navyagadagoju/.m2/repository/org/webjars/jquery/3.6.0/jquery-3.6.0.jar:/Users/navyagadagoju/.m2/repository/io/rest-assured/rest-assured/5.1.1/rest-assured-5.1.1.jar:/Users/navyagadagoju/.m2/repository/org/apache/groovy/groovy/4.0.1/groovy-4.0.1.jar:/Users/navyagadagoju/.m2/repository/org/apache/groovy/groovy-xml/4.0.1/groovy-xml-4.0.1.jar:/Users/navyagadagoju/.m2/repository/org/apache/httpcomponents/httpclient/4.5.13/httpclient-4.5.13.jar:/Users/navyagadagoju/.m2/repository/org/apache/httpcomponents/httpcore/4.4.13/httpcore-4.4.13.jar:/Users/navyagadagoju/.m2/repository/commons-logging/commons-logging/1.2/commons-logging-1.2.jar:/Users/navyagadagoju/.m2/repository/commons-codec/commons-codec/1.11/commons-codec-1.11.jar:/Users/navyagadagoju/.m2/repository/org/apache/httpcomponents/httpmime/4.5.13/httpmime-4.5.13.jar:/Users/navyagadagoju/.m2/repository/org/hamcrest/hamcrest/2.1/hamcrest-2.1.jar:/Users/navyagadagoju/.m2/repository/org/ccil/cowan/tagsoup/tagsoup/1.2.1/tagsoup-1.2.1.jar:/Users/navyagadagoju/.m2/repository/io/rest-assured/json-path/5.1.1/json-path-5.1.1.jar:/Users/navyagadagoju/.m2/repository/org/apache/groovy/groovy-json/4.0.1/groovy-json-4.0.1.jar:/Users/navyagadagoju/.m2/repository/io/rest-assured/rest-assured-common/5.1.1/rest-assured-common-5.1.1.jar:/Users/navyagadagoju/.m2/repository/io/rest-assured/xml-path/5.1.1/xml-path-5.1.1.jar:/Users/navyagadagoju/.m2/repository/org/apache/commons/commons-lang3/3.11/commons-lang3-3.11.jar:/Users/navyagadagoju/.m2/repository/org/json/json/20220320/json-20220320.jar:"/>
    <property name="java.vm.vendor" value="Oracle Corporation"/>
    <property name="sun.arch.data.model" value="64"/>
    <property name="java.vendor.url" value="https://java.oracle.com/"/>
    <property name="os.name" value="Mac OS X"/>
    <property name="java.vm.specification.version" value="18"/>
    <property name="sun.java.launcher" value="SUN_STANDARD"/>
    <property name="user.country" value="US"/>
    <property name="sun.boot.library.path" value="/Library/Java/JavaVirtualMachines/jdk-18.0.2.jdk/Contents/Home/lib"/>
    <property name="sun.java.command" value="/Users/navyagadagoju/Dropbox/Selenium/RestAssured_MavenTestNG/target/surefire/surefirebooter11585385710380718480.jar /Users/navyagadagoju/Dropbox/Selenium/RestAssured_MavenTestNG/target/surefire 2022-09-07T19-32-04_887-jvmRun1 surefire15911516986444040207tmp surefire_010524678307487950674tmp"/>
    <property name="http.nonProxyHosts" value="local|*.local|169.254/16|*.169.254/16"/>
    <property name="jdk.debug" value="release"/>
    <property name="surefire.test.class.path" value="/Users/navyagadagoju/Dropbox/Selenium/RestAssured_MavenTestNG/target/test-classes:/Users/navyagadagoju/Dropbox/Selenium/RestAssured_MavenTestNG/target/classes:/Users/navyagadagoju/.m2/repository/org/testng/testng/7.6.1/testng-7.6.1.jar:/Users/navyagadagoju/.m2/repository/com/google/code/findbugs/jsr305/3.0.2/jsr305-3.0.2.jar:/Users/navyagadagoju/.m2/repository/org/slf4j/slf4j-api/1.7.36/slf4j-api-1.7.36.jar:/Users/navyagadagoju/.m2/repository/com/beust/jcommander/1.82/jcommander-1.82.jar:/Users/navyagadagoju/.m2/repository/org/webjars/jquery/3.6.0/jquery-3.6.0.jar:/Users/navyagadagoju/.m2/repository/io/rest-assured/rest-assured/5.1.1/rest-assured-5.1.1.jar:/Users/navyagadagoju/.m2/repository/org/apache/groovy/groovy/4.0.1/groovy-4.0.1.jar:/Users/navyagadagoju/.m2/repository/org/apache/groovy/groovy-xml/4.0.1/groovy-xml-4.0.1.jar:/Users/navyagadagoju/.m2/repository/org/apache/httpcomponents/httpclient/4.5.13/httpclient-4.5.13.jar:/Users/navyagadagoju/.m2/repository/org/apache/httpcomponents/httpcore/4.4.13/httpcore-4.4.13.jar:/Users/navyagadagoju/.m2/repository/commons-logging/commons-logging/1.2/commons-logging-1.2.jar:/Users/navyagadagoju/.m2/repository/commons-codec/commons-codec/1.11/commons-codec-1.11.jar:/Users/navyagadagoju/.m2/repository/org/apache/httpcomponents/httpmime/4.5.13/httpmime-4.5.13.jar:/Users/navyagadagoju/.m2/repository/org/hamcrest/hamcrest/2.1/hamcrest-2.1.jar:/Users/navyagadagoju/.m2/repository/org/ccil/cowan/tagsoup/tagsoup/1.2.1/tagsoup-1.2.1.jar:/Users/navyagadagoju/.m2/repository/io/rest-assured/json-path/5.1.1/json-path-5.1.1.jar:/Users/navyagadagoju/.m2/repository/org/apache/groovy/groovy-json/4.0.1/groovy-json-4.0.1.jar:/Users/navyagadagoju/.m2/repository/io/rest-assured/rest-assured-common/5.1.1/rest-assured-common-5.1.1.jar:/Users/navyagadagoju/.m2/repository/io/rest-assured/xml-path/5.1.1/xml-path-5.1.1.jar:/Users/navyagadagoju/.m2/repository/org/apache/commons/commons-lang3/3.11/commons-lang3-3.11.jar:/Users/navyagadagoju/.m2/repository/org/json/json/20220320/json-20220320.jar:"/>
    <property name="sun.cpu.endian" value="little"/>
    <property name="user.home" value="/Users/navyagadagoju"/>
    <property name="user.language" value="en"/>
    <property name="java.specification.vendor" value="Oracle Corporation"/>
    <property name="java.version.date" value="2022-07-19"/>
    <property name="java.home" value="/Library/Java/JavaVirtualMachines/jdk-18.0.2.jdk/Contents/Home"/>
    <property name="file.separator" value="/"/>
    <property name="basedir" value="/Users/navyagadagoju/Dropbox/Selenium/RestAssured_MavenTestNG"/>
    <property name="java.vm.compressedOopsMode" value="Zero based"/>
    <property name="line.separator" value="&#10;"/>
    <property name="java.specification.name" value="Java Platform API Specification"/>
    <property name="java.vm.specification.vendor" value="Oracle Corporation"/>
    <property name="apple.awt.application.name" value="ForkedBooter"/>
    <property name="surefire.real.class.path" value="/Users/navyagadagoju/Dropbox/Selenium/RestAssured_MavenTestNG/target/surefire/surefirebooter11585385710380718480.jar"/>
    <property name="sun.management.compiler" value="HotSpot 64-Bit Tiered Compilers"/>
    <property name="ftp.nonProxyHosts" value="local|*.local|169.254/16|*.169.254/16"/>
    <property name="java.runtime.version" value="18.0.2+9-61"/>
    <property name="user.name" value="navyagadagoju"/>
    <property name="path.separator" value=":"/>
    <property name="os.version" value="12.4"/>
    <property name="java.runtime.name" value="Java(TM) SE Runtime Environment"/>
    <property name="file.encoding" value="UTF-8"/>
    <property name="java.vm.name" value="Java HotSpot(TM) 64-Bit Server VM"/>
    <property name="localRepository" value="/Users/navyagadagoju/.m2/repository"/>
    <property name="java.vendor.url.bug" value="https://bugreport.java.com/bugreport/"/>
    <property name="java.io.tmpdir" value="/var/folders/5_/xbwbhj8d0p7909hqnbdxxty80000gn/T/"/>
    <property name="java.version" value="18.0.2"/>
    <property name="user.dir" value="/Users/navyagadagoju/Dropbox/Selenium/RestAssured_MavenTestNG"/>
    <property name="os.arch" value="aarch64"/>
    <property name="java.vm.specification.name" value="Java Virtual Machine Specification"/>
    <property name="native.encoding" value="UTF-8"/>
    <property name="java.library.path" value="/Users/navyagadagoju/Library/Java/Extensions:/Library/Java/Extensions:/Network/Library/Java/Extensions:/System/Library/Java/Extensions:/usr/lib/java:."/>
    <property name="java.vm.info" value="mixed mode, sharing"/>
    <property name="java.vendor" value="Oracle Corporation"/>
    <property name="java.vm.version" value="18.0.2+9-61"/>
    <property name="sun.io.unicode.encoding" value="UnicodeBig"/>
    <property name="socksNonProxyHosts" value="local|*.local|169.254/16|*.169.254/16"/>
    <property name="java.class.version" value="62.0"/>
  </properties>
  <testcase name="test" classname="learn.GetPostAPI_NoAuth" time="1.671"/>
  <testcase name="postRequest" classname="learn.GetPostAPI_NoAuth" time="0.323"/>
  <testcase name="test" classname="learn.APITest" time="0.235"/>
  <testcase name="postRequest" classname="learn.APITest" time="0.507"/>
  <testcase name="putRequest" classname="learn.APITest" time="0.618"/>
  <testcase name="test" classname="learn.GetPostAPI_OAuth2" time="0.766"/>
  <testcase name="postRequest" classname="learn.GetPostAPI_OAuth2" time="0.617"/>
  <testcase name="test" classname="learn.GetPostAPI_With_API_Key" time="0.32"/>
  <testcase name="postRequest" classname="learn.GetPostAPI_With_API_Key" time="0.36"/>
</testsuite>