<?xml version="1.0" encoding="UTF-8"?>
<!-- Generated by org.testng.reporters.JUnitReportReporter -->
<testsuite hostname="sharathmacmini.lan" failures="0" tests="2" name="learn.GetPostAPI_OAuth2" time="2.832" errors="0" timestamp="2022-08-27T09:44:48 CDT" skipped="0">
  <testcase classname="learn.GetPostAPI_OAuth2" name="test" time="1.857"/>
  <system-out/>
  <testcase classname="learn.GetPostAPI_OAuth2" name="postRequest" time="0.975"/>
  <system-out/>
</testsuite> <!-- learn.GetPostAPI_OAuth2 -->
