<?xml version="1.0" encoding="UTF-8"?>
<!-- Generated by org.testng.reporters.JUnitReportReporter -->
<testsuite hostname="sharathmacmini.lan" failures="0" tests="2" name="learn.GetPostAPI_OAuth2" time="1.414" errors="0" timestamp="2022-09-06T17:25:55 CDT" skipped="0">
  <testcase classname="learn.GetPostAPI_OAuth2" name="test" time="0.786"/>
  <system-out/>
  <testcase classname="learn.GetPostAPI_OAuth2" name="postRequest" time="0.628"/>
  <system-out/>
</testsuite> <!-- learn.GetPostAPI_OAuth2 -->
