<?xml version="1.0" encoding="UTF-8"?>
<!-- Generated by org.testng.reporters.JUnitReportReporter -->
<testsuite hostname="sharathmacmini.lan" failures="0" tests="2" name="learn.GetPostAPI_With_API_Key" time="1.266" errors="0" timestamp="2022-09-23T12:19:20 CDT" skipped="0">
  <testcase classname="learn.GetPostAPI_With_API_Key" name="test" time="0.651"/>
  <system-out/>
  <testcase classname="learn.GetPostAPI_With_API_Key" name="postRequest" time="0.615"/>
  <system-out/>
</testsuite> <!-- learn.GetPostAPI_With_API_Key -->
