<?xml version="1.0" encoding="UTF-8"?>
<!-- Generated by org.testng.reporters.JUnitReportReporter -->
<testsuite hostname="sharathmacmini.lan" failures="0" tests="2" name="learn.GetPostAPI_NoAuth" time="2.063" errors="0" timestamp="2022-09-16T18:26:10 CDT" skipped="0">
  <testcase classname="learn.GetPostAPI_NoAuth" name="test" time="1.432"/>
  <system-out/>
  <testcase classname="learn.GetPostAPI_NoAuth" name="postRequest" time="0.631"/>
  <system-out/>
</testsuite> <!-- learn.GetPostAPI_NoAuth -->
