<?xml version="1.0" encoding="UTF-8"?>
<!-- Generated by org.testng.reporters.JUnitReportReporter -->
<testsuite hostname="sharathmacmini.lan" failures="0" tests="2" name="learn.GetPostAPI_OAuth2" time="2.360" errors="0" timestamp="2022-09-23T12:19:20 CDT" skipped="0">
  <testcase classname="learn.GetPostAPI_OAuth2" name="test" time="1.278"/>
  <system-out/>
  <testcase classname="learn.GetPostAPI_OAuth2" name="postRequest" time="1.082"/>
  <system-out/>
</testsuite> <!-- learn.GetPostAPI_OAuth2 -->
