<?xml version="1.0" encoding="UTF-8"?>
<!-- Generated by org.testng.reporters.JUnitReportReporter -->
<testsuite hostname="sharathmacmini.lan" failures="0" tests="2" name="learn.GetPostAPI_NoAuth" time="2.118" errors="0" timestamp="2022-09-23T12:19:20 CDT" skipped="0">
  <testcase classname="learn.GetPostAPI_NoAuth" name="test" time="1.471"/>
  <system-out/>
  <testcase classname="learn.GetPostAPI_NoAuth" name="postRequest" time="0.647"/>
  <system-out/>
</testsuite> <!-- learn.GetPostAPI_NoAuth -->
