<?xml version="1.0" encoding="UTF-8"?>
<!-- Generated by org.testng.reporters.JUnitReportReporter -->
<testsuite hostname="sharathmacmini.lan" failures="0" tests="3" name="learn.APITest" time="1.301" errors="0" timestamp="2022-09-23T12:19:20 CDT" skipped="0">
  <testcase classname="learn.APITest" name="test" time="0.275"/>
  <system-out/>
  <testcase classname="learn.APITest" name="postRequest" time="0.477"/>
  <system-out/>
  <testcase classname="learn.APITest" name="putRequest" time="0.549"/>
  <system-out/>
</testsuite> <!-- learn.APITest -->
