<?xml version="1.0" encoding="UTF-8"?>
<!-- Generated by org.testng.reporters.JUnitReportReporter -->
<testsuite hostname="sharathmacmini.lan" failures="0" tests="3" name="learn.APITest" time="1.344" errors="0" timestamp="2022-09-16T18:26:10 CDT" skipped="0">
  <testcase classname="learn.APITest" name="test" time="0.282"/>
  <system-out/>
  <testcase classname="learn.APITest" name="postRequest" time="0.531"/>
  <system-out/>
  <testcase classname="learn.APITest" name="putRequest" time="0.531"/>
  <system-out/>
</testsuite> <!-- learn.APITest -->
