<?xml version="1.0" encoding="UTF-8"?>
<!-- Generated by org.testng.reporters.JUnitReportReporter -->
<testsuite hostname="navyas-air.lan" failures="0" tests="2" name="learn.GetPostAPI_With_API_Key" time="0.680" errors="0" timestamp="2022-09-07T19:32:10 CDT" skipped="0">
  <testcase classname="learn.GetPostAPI_With_API_Key" name="test" time="0.321"/>
  <system-out/>
  <testcase classname="learn.GetPostAPI_With_API_Key" name="postRequest" time="0.359"/>
  <system-out/>
</testsuite> <!-- learn.GetPostAPI_With_API_Key -->
