<?xml version="1.0" encoding="UTF-8"?>
<!-- Generated by org.testng.reporters.JUnitReportReporter -->
<testsuite hostname="sharathmacmini.lan" failures="0" tests="2" name="learn.GetPostAPI_NoAuth" time="1.348" errors="0" timestamp="2022-09-06T17:25:55 CDT" skipped="0">
  <testcase classname="learn.GetPostAPI_NoAuth" name="test" time="1.039"/>
  <system-out/>
  <testcase classname="learn.GetPostAPI_NoAuth" name="postRequest" time="0.309"/>
  <system-out/>
</testsuite> <!-- learn.GetPostAPI_NoAuth -->
