<?xml version="1.0" encoding="UTF-8"?>
<!-- Generated by org.testng.reporters.JUnitReportReporter -->
<testsuite hostname="navyas-air.lan" failures="0" tests="3" name="learn.APITest" time="1.360" errors="0" timestamp="2022-09-07T19:32:10 CDT" skipped="0">
  <testcase classname="learn.APITest" name="test" time="0.236"/>
  <system-out/>
  <testcase classname="learn.APITest" name="postRequest" time="0.507"/>
  <system-out/>
  <testcase classname="learn.APITest" name="putRequest" time="0.617"/>
  <system-out/>
</testsuite> <!-- learn.APITest -->
